app/build/intermediates/manifest_merge_blame_file/debug/processDebugMainManifest/manifest-merger-blame-debug-report.txt
1<?xml version="1.0" encoding="utf-8"?>
2<manifest xmlns:android="http://schemas.android.com/apk/res/android"
3    package="com.security.app"
4    android:versionCode="1"
5    android:versionName="1.0" >
6
7    <uses-sdk
8        android:minSdkVersion="24"
9        android:targetSdkVersion="34" />
10
11    <uses-permission android:name="android.permission.INTERNET" />
11-->src\main\AndroidManifest.xml:5:5-67
11-->src\main\AndroidManifest.xml:5:22-64
12    <uses-permission android:name="android.permission.WAKE_LOCK" />
12-->src\main\AndroidManifest.xml:6:5-68
12-->src\main\AndroidManifest.xml:6:22-65
13    <uses-permission android:name="android.permission.VIBRATE" />
13-->src\main\AndroidManifest.xml:7:5-66
13-->src\main\AndroidManifest.xml:7:22-63
14    <uses-permission android:name="android.permission.POST_NOTIFICATIONS" />
14-->src\main\AndroidManifest.xml:8:5-77
14-->src\main\AndroidManifest.xml:8:22-74
15    <uses-permission android:name="android.permission.ACCESS_NOTIFICATION_POLICY" />
15-->src\main\AndroidManifest.xml:9:5-85
15-->src\main\AndroidManifest.xml:9:22-82
16    <uses-permission android:name="android.permission.MODIFY_AUDIO_SETTINGS" />
16-->src\main\AndroidManifest.xml:10:5-80
16-->src\main\AndroidManifest.xml:10:22-77
17    <uses-permission android:name="android.permission.SYSTEM_ALERT_WINDOW" />
17-->src\main\AndroidManifest.xml:11:5-78
17-->src\main\AndroidManifest.xml:11:22-75
18    <uses-permission android:name="android.permission.USE_FULL_SCREEN_INTENT" />
18-->src\main\AndroidManifest.xml:12:5-81
18-->src\main\AndroidManifest.xml:12:22-78
19    <uses-permission android:name="android.permission.FOREGROUND_SERVICE" />
19-->src\main\AndroidManifest.xml:13:5-77
19-->src\main\AndroidManifest.xml:13:22-74
20    <!-- Required for foreground services that play media on Android 34+ -->
21    <uses-permission android:name="android.permission.FOREGROUND_SERVICE_MEDIA_PLAYBACK" />
21-->src\main\AndroidManifest.xml:15:5-92
21-->src\main\AndroidManifest.xml:15:22-89
22    <!-- Permissions needed to query Wi-Fi and network state for presence detection -->
23    <uses-permission android:name="android.permission.ACCESS_WIFI_STATE" />
23-->src\main\AndroidManifest.xml:17:5-76
23-->src\main\AndroidManifest.xml:17:22-73
24    <!-- Required to read connected Wi‑Fi SSID (runtime permission required on modern Android) -->
25    <uses-permission android:name="android.permission.ACCESS_FINE_LOCATION" />
25-->src\main\AndroidManifest.xml:19:5-79
25-->src\main\AndroidManifest.xml:19:22-76
26    <uses-permission android:name="android.permission.ACCESS_COARSE_LOCATION" />
26-->src\main\AndroidManifest.xml:20:5-81
26-->src\main\AndroidManifest.xml:20:22-78
27    <uses-permission android:name="android.permission.ACCESS_NETWORK_STATE" />
27-->src\main\AndroidManifest.xml:21:5-79
27-->src\main\AndroidManifest.xml:21:22-76
28
29    <!-- Required by older versions of Google Play services to create IID tokens -->
30    <uses-permission android:name="com.google.android.c2dm.permission.RECEIVE" />
30-->[com.google.firebase:firebase-messaging:24.1.2] AndroidManifest.xml:26:5-82
30-->[com.google.firebase:firebase-messaging:24.1.2] AndroidManifest.xml:26:22-79
31    <uses-permission android:name="com.google.android.gms.permission.AD_ID" />
31-->[com.google.android.gms:play-services-measurement-api:22.5.0] AndroidManifest.xml:25:5-79
31-->[com.google.android.gms:play-services-measurement-api:22.5.0] AndroidManifest.xml:25:22-76
32    <uses-permission android:name="android.permission.ACCESS_ADSERVICES_ATTRIBUTION" />
32-->[com.google.android.gms:play-services-measurement-api:22.5.0] AndroidManifest.xml:26:5-88
32-->[com.google.android.gms:play-services-measurement-api:22.5.0] AndroidManifest.xml:26:22-85
33    <uses-permission android:name="android.permission.ACCESS_ADSERVICES_AD_ID" />
33-->[com.google.android.gms:play-services-measurement-api:22.5.0] AndroidManifest.xml:27:5-82
33-->[com.google.android.gms:play-services-measurement-api:22.5.0] AndroidManifest.xml:27:22-79
34    <uses-permission android:name="android.permission.RECEIVE_BOOT_COMPLETED" />
34-->[androidx.work:work-runtime:2.8.1] AndroidManifest.xml:25:5-81
34-->[androidx.work:work-runtime:2.8.1] AndroidManifest.xml:25:22-78
35    <uses-permission android:name="com.google.android.finsky.permission.BIND_GET_INSTALL_REFERRER_SERVICE" />
35-->[com.google.android.gms:play-services-measurement:22.5.0] AndroidManifest.xml:26:5-110
35-->[com.google.android.gms:play-services-measurement:22.5.0] AndroidManifest.xml:26:22-107
36    <uses-permission android:name="com.google.android.providers.gsf.permission.READ_GSERVICES" />
36-->[com.google.android.recaptcha:recaptcha:18.6.1] AndroidManifest.xml:9:5-98
36-->[com.google.android.recaptcha:recaptcha:18.6.1] AndroidManifest.xml:9:22-95
37
38    <permission
38-->[androidx.core:core:1.13.1] AndroidManifest.xml:22:5-24:47
39        android:name="com.security.app.DYNAMIC_RECEIVER_NOT_EXPORTED_PERMISSION"
39-->[androidx.core:core:1.13.1] AndroidManifest.xml:23:9-81
40        android:protectionLevel="signature" />
40-->[androidx.core:core:1.13.1] AndroidManifest.xml:24:9-44
41
42    <uses-permission android:name="com.security.app.DYNAMIC_RECEIVER_NOT_EXPORTED_PERMISSION" />
42-->[androidx.core:core:1.13.1] AndroidManifest.xml:26:5-97
42-->[androidx.core:core:1.13.1] AndroidManifest.xml:26:22-94
43
44    <application
44-->src\main\AndroidManifest.xml:23:5-157:19
45        android:name="com.security.app.MyApp"
45-->src\main\AndroidManifest.xml:25:9-30
46        android:allowBackup="true"
46-->src\main\AndroidManifest.xml:24:9-35
47        android:appComponentFactory="androidx.core.app.CoreComponentFactory"
47-->[androidx.core:core:1.13.1] AndroidManifest.xml:28:18-86
48        android:dataExtractionRules="@xml/data_extraction_rules"
48-->src\main\AndroidManifest.xml:26:9-65
49        android:debuggable="true"
50        android:extractNativeLibs="false"
51        android:fullBackupContent="@xml/backup_rules"
51-->src\main\AndroidManifest.xml:27:9-54
52        android:icon="@mipmap/ic_launcher"
52-->src\main\AndroidManifest.xml:28:9-43
53        android:label="@string/app_name"
53-->src\main\AndroidManifest.xml:29:9-41
54        android:roundIcon="@mipmap/ic_launcher_round"
54-->src\main\AndroidManifest.xml:30:9-54
55        android:supportsRtl="true"
55-->src\main\AndroidManifest.xml:31:9-35
56        android:testOnly="true"
57        android:theme="@style/Theme.SecurityApp" >
57-->src\main\AndroidManifest.xml:32:9-49
58        <activity
58-->src\main\AndroidManifest.xml:35:9-43:20
59            android:name="com.security.app.MainActivity"
59-->src\main\AndroidManifest.xml:36:13-41
60            android:exported="true"
60-->src\main\AndroidManifest.xml:37:13-36
61            android:theme="@style/Theme.SecurityApp" >
61-->src\main\AndroidManifest.xml:38:13-53
62            <intent-filter>
62-->src\main\AndroidManifest.xml:39:13-42:29
63                <action android:name="android.intent.action.MAIN" />
63-->src\main\AndroidManifest.xml:40:17-69
63-->src\main\AndroidManifest.xml:40:25-66
64
65                <category android:name="android.intent.category.LAUNCHER" />
65-->src\main\AndroidManifest.xml:41:17-77
65-->src\main\AndroidManifest.xml:41:27-74
66            </intent-filter>
67        </activity>
68        <activity
68-->src\main\AndroidManifest.xml:45:9-49:58
69            android:name="com.security.app.SecurityActivity"
69-->src\main\AndroidManifest.xml:46:13-45
70            android:exported="false"
70-->src\main\AndroidManifest.xml:47:13-37
71            android:parentActivityName="com.security.app.MainActivity"
71-->src\main\AndroidManifest.xml:49:13-55
72            android:theme="@style/Theme.SecurityApp" />
72-->src\main\AndroidManifest.xml:48:13-53
73        <activity
73-->src\main\AndroidManifest.xml:51:9-55:58
74            android:name="com.security.app.ScadaActivity"
74-->src\main\AndroidManifest.xml:52:13-42
75            android:exported="false"
75-->src\main\AndroidManifest.xml:53:13-37
76            android:parentActivityName="com.security.app.MainActivity"
76-->src\main\AndroidManifest.xml:55:13-55
77            android:theme="@style/Theme.SecurityApp" />
77-->src\main\AndroidManifest.xml:54:13-53
78        <activity
78-->src\main\AndroidManifest.xml:57:9-61:58
79            android:name="com.security.app.IPERLActivity"
79-->src\main\AndroidManifest.xml:58:13-42
80            android:exported="false"
80-->src\main\AndroidManifest.xml:59:13-37
81            android:parentActivityName="com.security.app.MainActivity"
81-->src\main\AndroidManifest.xml:61:13-55
82            android:theme="@style/Theme.SecurityApp" />
82-->src\main\AndroidManifest.xml:60:13-53
83
84        <!-- Google Sheets Graphing Activities -->
85        <activity
85-->src\main\AndroidManifest.xml:64:9-68:59
86            android:name="com.security.app.WeatherGraphsActivity"
86-->src\main\AndroidManifest.xml:65:13-50
87            android:exported="false"
87-->src\main\AndroidManifest.xml:66:13-37
88            android:parentActivityName="com.security.app.ScadaActivity"
88-->src\main\AndroidManifest.xml:68:13-56
89            android:theme="@style/Theme.SecurityApp" />
89-->src\main\AndroidManifest.xml:67:13-53
90        <activity
90-->src\main\AndroidManifest.xml:70:9-74:59
91            android:name="com.security.app.GeyserGraphsActivity"
91-->src\main\AndroidManifest.xml:71:13-49
92            android:exported="false"
92-->src\main\AndroidManifest.xml:72:13-37
93            android:parentActivityName="com.security.app.ScadaActivity"
93-->src\main\AndroidManifest.xml:74:13-56
94            android:theme="@style/Theme.SecurityApp" />
94-->src\main\AndroidManifest.xml:73:13-53
95        <activity
95-->src\main\AndroidManifest.xml:76:9-80:59
96            android:name="com.security.app.PowerGraphsActivity"
96-->src\main\AndroidManifest.xml:77:13-48
97            android:exported="false"
97-->src\main\AndroidManifest.xml:78:13-37
98            android:parentActivityName="com.security.app.ScadaActivity"
98-->src\main\AndroidManifest.xml:80:13-56
99            android:theme="@style/Theme.SecurityApp" />
99-->src\main\AndroidManifest.xml:79:13-53
100        <activity
100-->src\main\AndroidManifest.xml:82:9-86:59
101            android:name="com.security.app.DvrGraphsActivity"
101-->src\main\AndroidManifest.xml:83:13-46
102            android:exported="false"
102-->src\main\AndroidManifest.xml:84:13-37
103            android:parentActivityName="com.security.app.ScadaActivity"
103-->src\main\AndroidManifest.xml:86:13-56
104            android:theme="@style/Theme.SecurityApp" />
104-->src\main\AndroidManifest.xml:85:13-53
105        <activity
105-->src\main\AndroidManifest.xml:88:9-92:59
106            android:name="com.security.app.MikeWaterGraphsActivity"
106-->src\main\AndroidManifest.xml:89:13-52
107            android:exported="false"
107-->src\main\AndroidManifest.xml:90:13-37
108            android:parentActivityName="com.security.app.IPERLActivity"
108-->src\main\AndroidManifest.xml:92:13-56
109            android:theme="@style/Theme.SecurityApp" />
109-->src\main\AndroidManifest.xml:91:13-53
110        <activity
110-->src\main\AndroidManifest.xml:94:9-98:58
111            android:name="com.security.app.AlarmTestActivity"
111-->src\main\AndroidManifest.xml:95:13-46
112            android:exported="false"
112-->src\main\AndroidManifest.xml:96:13-37
113            android:parentActivityName="com.security.app.MainActivity"
113-->src\main\AndroidManifest.xml:98:13-55
114            android:theme="@style/Theme.SecurityApp" />
114-->src\main\AndroidManifest.xml:97:13-53
115        <activity
115-->src\main\AndroidManifest.xml:100:9-104:58
116            android:name="com.security.app.IDSActivity"
116-->src\main\AndroidManifest.xml:101:13-40
117            android:exported="false"
117-->src\main\AndroidManifest.xml:102:13-37
118            android:parentActivityName="com.security.app.MainActivity"
118-->src\main\AndroidManifest.xml:104:13-55
119            android:theme="@style/Theme.SecurityApp" />
119-->src\main\AndroidManifest.xml:103:13-53
120
121        <!-- Full-screen alarm: ensure the exact class used in code is declared so a pending intent or direct startActivity works -->
122        <activity
122-->src\main\AndroidManifest.xml:107:9-110:56
123            android:name="com.security.app.AlarmFullscreenActivity"
123-->src\main\AndroidManifest.xml:108:13-52
124            android:exported="true"
124-->src\main\AndroidManifest.xml:109:13-36
125            android:theme="@style/Theme.SecurityApp" />
125-->src\main\AndroidManifest.xml:110:13-53
126        <activity
126-->src\main\AndroidManifest.xml:112:9-116:62
127            android:name="com.security.app.ImageViewActivity"
127-->src\main\AndroidManifest.xml:113:13-46
128            android:exported="false"
128-->src\main\AndroidManifest.xml:114:13-37
129            android:parentActivityName="com.security.app.SecurityActivity"
129-->src\main\AndroidManifest.xml:116:13-59
130            android:theme="@style/Theme.SecurityApp" />
130-->src\main\AndroidManifest.xml:115:13-53
131
132        <service
132-->src\main\AndroidManifest.xml:118:9-122:61
133            android:name="com.security.app.NotificationService"
133-->src\main\AndroidManifest.xml:119:13-48
134            android:enabled="true"
134-->src\main\AndroidManifest.xml:120:13-35
135            android:exported="false"
135-->src\main\AndroidManifest.xml:121:13-37
136            android:foregroundServiceType="mediaPlayback" />
136-->src\main\AndroidManifest.xml:122:13-58
137        <service
137-->src\main\AndroidManifest.xml:124:9-130:19
138            android:name="com.security.app.MyFirebaseMessagingService"
138-->src\main\AndroidManifest.xml:125:13-55
139            android:exported="false" >
139-->src\main\AndroidManifest.xml:126:13-37
140            <intent-filter>
140-->src\main\AndroidManifest.xml:127:13-129:29
141                <action android:name="com.google.firebase.MESSAGING_EVENT" />
141-->src\main\AndroidManifest.xml:128:17-78
141-->src\main\AndroidManifest.xml:128:25-75
142            </intent-filter>
143        </service>
144
145        <receiver
145-->src\main\AndroidManifest.xml:132:9-134:40
146            android:name="com.security.app.NotificationActionReceiver"
146-->src\main\AndroidManifest.xml:133:13-55
147            android:exported="false" />
147-->src\main\AndroidManifest.xml:134:13-37
148
149        <meta-data
149-->src\main\AndroidManifest.xml:136:9-138:60
150            android:name="com.google.firebase.messaging.default_notification_icon"
150-->src\main\AndroidManifest.xml:137:13-83
151            android:resource="@drawable/ic_notification" />
151-->src\main\AndroidManifest.xml:138:13-57
152        <meta-data
152-->src\main\AndroidManifest.xml:140:9-142:53
153            android:name="com.google.firebase.messaging.default_notification_color"
153-->src\main\AndroidManifest.xml:141:13-84
154            android:resource="@color/colorAccent" />
154-->src\main\AndroidManifest.xml:142:13-50
155        <meta-data
155-->src\main\AndroidManifest.xml:144:9-146:71
156            android:name="com.google.firebase.messaging.default_notification_channel_id"
156-->src\main\AndroidManifest.xml:145:13-89
157            android:value="@string/default_notification_channel_id" />
157-->src\main\AndroidManifest.xml:146:13-68
158
159        <!-- Suppress Firebase component discovery build notifications -->
160        <meta-data
160-->src\main\AndroidManifest.xml:149:9-151:37
161            android:name="firebase_analytics_collection_enabled"
161-->src\main\AndroidManifest.xml:150:13-65
162            android:value="false" />
162-->src\main\AndroidManifest.xml:151:13-34
163        <meta-data
163-->src\main\AndroidManifest.xml:153:9-155:37
164            android:name="google_analytics_automatic_screen_reporting_enabled"
164-->src\main\AndroidManifest.xml:154:13-79
165            android:value="false" />
165-->src\main\AndroidManifest.xml:155:13-34
166
167        <service
167-->[com.google.firebase:firebase-auth-ktx:23.2.1] AndroidManifest.xml:8:9-14:19
168            android:name="com.google.firebase.components.ComponentDiscoveryService"
168-->[com.google.firebase:firebase-auth-ktx:23.2.1] AndroidManifest.xml:9:13-84
169            android:directBootAware="true"
169-->[com.google.firebase:firebase-common:21.0.0] AndroidManifest.xml:32:13-43
170            android:exported="false" >
170-->[com.google.firebase:firebase-auth-ktx:23.2.1] AndroidManifest.xml:10:13-37
171            <meta-data
171-->[com.google.firebase:firebase-auth-ktx:23.2.1] AndroidManifest.xml:11:13-13:85
172                android:name="com.google.firebase.components:com.google.firebase.auth.ktx.FirebaseAuthLegacyRegistrar"
172-->[com.google.firebase:firebase-auth-ktx:23.2.1] AndroidManifest.xml:12:17-119
173                android:value="com.google.firebase.components.ComponentRegistrar" />
173-->[com.google.firebase:firebase-auth-ktx:23.2.1] AndroidManifest.xml:13:17-82
174            <meta-data
174-->[com.google.firebase:firebase-analytics-ktx:22.5.0] AndroidManifest.xml:11:13-13:85
175                android:name="com.google.firebase.components:com.google.firebase.analytics.ktx.FirebaseAnalyticsLegacyRegistrar"
175-->[com.google.firebase:firebase-analytics-ktx:22.5.0] AndroidManifest.xml:12:17-129
176                android:value="com.google.firebase.components.ComponentRegistrar" />
176-->[com.google.firebase:firebase-analytics-ktx:22.5.0] AndroidManifest.xml:13:17-82
177            <meta-data
177-->[com.google.firebase:firebase-auth:23.2.1] AndroidManifest.xml:69:13-71:85
178                android:name="com.google.firebase.components:com.google.firebase.auth.FirebaseAuthRegistrar"
178-->[com.google.firebase:firebase-auth:23.2.1] AndroidManifest.xml:70:17-109
179                android:value="com.google.firebase.components.ComponentRegistrar" />
179-->[com.google.firebase:firebase-auth:23.2.1] AndroidManifest.xml:71:17-82
180            <meta-data
180-->[com.google.firebase:firebase-messaging-ktx:24.1.2] AndroidManifest.xml:26:13-28:85
181                android:name="com.google.firebase.components:com.google.firebase.messaging.ktx.FirebaseMessagingLegacyRegistrar"
181-->[com.google.firebase:firebase-messaging-ktx:24.1.2] AndroidManifest.xml:27:17-129
182                android:value="com.google.firebase.components.ComponentRegistrar" />
182-->[com.google.firebase:firebase-messaging-ktx:24.1.2] AndroidManifest.xml:28:17-82
183            <meta-data
183-->[com.google.firebase:firebase-firestore-ktx:25.1.4] AndroidManifest.xml:12:13-14:85
184                android:name="com.google.firebase.components:com.google.firebase.firestore.ktx.FirebaseFirestoreLegacyRegistrar"
184-->[com.google.firebase:firebase-firestore-ktx:25.1.4] AndroidManifest.xml:13:17-129
185                android:value="com.google.firebase.components.ComponentRegistrar" />
185-->[com.google.firebase:firebase-firestore-ktx:25.1.4] AndroidManifest.xml:14:17-82
186            <meta-data
186-->[com.google.firebase:firebase-database-ktx:21.0.0] AndroidManifest.xml:12:13-14:85
187                android:name="com.google.firebase.components:com.google.firebase.database.ktx.FirebaseDatabaseLegacyRegistrar"
187-->[com.google.firebase:firebase-database-ktx:21.0.0] AndroidManifest.xml:13:17-127
188                android:value="com.google.firebase.components.ComponentRegistrar" />
188-->[com.google.firebase:firebase-database-ktx:21.0.0] AndroidManifest.xml:14:17-82
189            <meta-data
189-->[com.google.firebase:firebase-messaging:24.1.2] AndroidManifest.xml:57:13-59:85
190                android:name="com.google.firebase.components:com.google.firebase.messaging.FirebaseMessagingKtxRegistrar"
190-->[com.google.firebase:firebase-messaging:24.1.2] AndroidManifest.xml:58:17-122
191                android:value="com.google.firebase.components.ComponentRegistrar" />
191-->[com.google.firebase:firebase-messaging:24.1.2] AndroidManifest.xml:59:17-82
192            <meta-data
192-->[com.google.firebase:firebase-messaging:24.1.2] AndroidManifest.xml:60:13-62:85
193                android:name="com.google.firebase.components:com.google.firebase.messaging.FirebaseMessagingRegistrar"
193-->[com.google.firebase:firebase-messaging:24.1.2] AndroidManifest.xml:61:17-119
194                android:value="com.google.firebase.components.ComponentRegistrar" />
194-->[com.google.firebase:firebase-messaging:24.1.2] AndroidManifest.xml:62:17-82
195            <meta-data
195-->[com.google.firebase:firebase-firestore:25.1.4] AndroidManifest.xml:17:13-19:85
196                android:name="com.google.firebase.components:com.google.firebase.firestore.FirebaseFirestoreKtxRegistrar"
196-->[com.google.firebase:firebase-firestore:25.1.4] AndroidManifest.xml:18:17-122
197                android:value="com.google.firebase.components.ComponentRegistrar" />
197-->[com.google.firebase:firebase-firestore:25.1.4] AndroidManifest.xml:19:17-82
198            <meta-data
198-->[com.google.firebase:firebase-firestore:25.1.4] AndroidManifest.xml:20:13-22:85
199                android:name="com.google.firebase.components:com.google.firebase.firestore.FirestoreRegistrar"
199-->[com.google.firebase:firebase-firestore:25.1.4] AndroidManifest.xml:21:17-111
200                android:value="com.google.firebase.components.ComponentRegistrar" />
200-->[com.google.firebase:firebase-firestore:25.1.4] AndroidManifest.xml:22:17-82
201            <meta-data
201-->[com.google.firebase:firebase-database:21.0.0] AndroidManifest.xml:29:13-31:85
202                android:name="com.google.firebase.components:com.google.firebase.database.FirebaseDatabaseKtxRegistrar"
202-->[com.google.firebase:firebase-database:21.0.0] AndroidManifest.xml:30:17-120
203                android:value="com.google.firebase.components.ComponentRegistrar" />
203-->[com.google.firebase:firebase-database:21.0.0] AndroidManifest.xml:31:17-82
204            <meta-data
204-->[com.google.firebase:firebase-database:21.0.0] AndroidManifest.xml:32:13-34:85
205                android:name="com.google.firebase.components:com.google.firebase.database.DatabaseRegistrar"
205-->[com.google.firebase:firebase-database:21.0.0] AndroidManifest.xml:33:17-109
206                android:value="com.google.firebase.components.ComponentRegistrar" />
206-->[com.google.firebase:firebase-database:21.0.0] AndroidManifest.xml:34:17-82
207            <meta-data
207-->[com.google.android.gms:play-services-measurement-api:22.5.0] AndroidManifest.xml:33:13-35:85
208                android:name="com.google.firebase.components:com.google.firebase.analytics.connector.internal.AnalyticsConnectorRegistrar"
208-->[com.google.android.gms:play-services-measurement-api:22.5.0] AndroidManifest.xml:34:17-139
209                android:value="com.google.firebase.components.ComponentRegistrar" />
209-->[com.google.android.gms:play-services-measurement-api:22.5.0] AndroidManifest.xml:35:17-82
210            <meta-data
210-->[com.google.firebase:firebase-installations:17.2.0] AndroidManifest.xml:15:13-17:85
211                android:name="com.google.firebase.components:com.google.firebase.installations.FirebaseInstallationsKtxRegistrar"
211-->[com.google.firebase:firebase-installations:17.2.0] AndroidManifest.xml:16:17-130
212                android:value="com.google.firebase.components.ComponentRegistrar" />
212-->[com.google.firebase:firebase-installations:17.2.0] AndroidManifest.xml:17:17-82
213            <meta-data
213-->[com.google.firebase:firebase-installations:17.2.0] AndroidManifest.xml:18:13-20:85
214                android:name="com.google.firebase.components:com.google.firebase.installations.FirebaseInstallationsRegistrar"
214-->[com.google.firebase:firebase-installations:17.2.0] AndroidManifest.xml:19:17-127
215                android:value="com.google.firebase.components.ComponentRegistrar" />
215-->[com.google.firebase:firebase-installations:17.2.0] AndroidManifest.xml:20:17-82
216            <meta-data
216-->[com.google.firebase:firebase-common-ktx:21.0.0] AndroidManifest.xml:12:13-14:85
217                android:name="com.google.firebase.components:com.google.firebase.ktx.FirebaseCommonLegacyRegistrar"
217-->[com.google.firebase:firebase-common-ktx:21.0.0] AndroidManifest.xml:13:17-116
218                android:value="com.google.firebase.components.ComponentRegistrar" />
218-->[com.google.firebase:firebase-common-ktx:21.0.0] AndroidManifest.xml:14:17-82
219            <meta-data
219-->[com.google.firebase:firebase-common:21.0.0] AndroidManifest.xml:35:13-37:85
220                android:name="com.google.firebase.components:com.google.firebase.FirebaseCommonKtxRegistrar"
220-->[com.google.firebase:firebase-common:21.0.0] AndroidManifest.xml:36:17-109
221                android:value="com.google.firebase.components.ComponentRegistrar" />
221-->[com.google.firebase:firebase-common:21.0.0] AndroidManifest.xml:37:17-82
222            <meta-data
222-->[com.google.firebase:firebase-datatransport:18.2.0] AndroidManifest.xml:25:13-27:85
223                android:name="com.google.firebase.components:com.google.firebase.datatransport.TransportRegistrar"
223-->[com.google.firebase:firebase-datatransport:18.2.0] AndroidManifest.xml:26:17-115
224                android:value="com.google.firebase.components.ComponentRegistrar" />
224-->[com.google.firebase:firebase-datatransport:18.2.0] AndroidManifest.xml:27:17-82
225        </service>
226
227        <activity
227-->[com.google.firebase:firebase-auth:23.2.1] AndroidManifest.xml:29:9-46:20
228            android:name="com.google.firebase.auth.internal.GenericIdpActivity"
228-->[com.google.firebase:firebase-auth:23.2.1] AndroidManifest.xml:30:13-80
229            android:excludeFromRecents="true"
229-->[com.google.firebase:firebase-auth:23.2.1] AndroidManifest.xml:31:13-46
230            android:exported="true"
230-->[com.google.firebase:firebase-auth:23.2.1] AndroidManifest.xml:32:13-36
231            android:launchMode="singleTask"
231-->[com.google.firebase:firebase-auth:23.2.1] AndroidManifest.xml:33:13-44
232            android:theme="@android:style/Theme.Translucent.NoTitleBar" >
232-->[com.google.firebase:firebase-auth:23.2.1] AndroidManifest.xml:34:13-72
233            <intent-filter>
233-->[com.google.firebase:firebase-auth:23.2.1] AndroidManifest.xml:35:13-45:29
234                <action android:name="android.intent.action.VIEW" />
234-->[com.google.firebase:firebase-auth:23.2.1] AndroidManifest.xml:36:17-69
234-->[com.google.firebase:firebase-auth:23.2.1] AndroidManifest.xml:36:25-66
235
236                <category android:name="android.intent.category.DEFAULT" />
236-->[com.google.firebase:firebase-auth:23.2.1] AndroidManifest.xml:38:17-76
236-->[com.google.firebase:firebase-auth:23.2.1] AndroidManifest.xml:38:27-73
237                <category android:name="android.intent.category.BROWSABLE" />
237-->[com.google.firebase:firebase-auth:23.2.1] AndroidManifest.xml:39:17-78
237-->[com.google.firebase:firebase-auth:23.2.1] AndroidManifest.xml:39:27-75
238
239                <data
239-->[com.google.firebase:firebase-auth:23.2.1] AndroidManifest.xml:41:17-44:51
240                    android:host="firebase.auth"
240-->[com.google.firebase:firebase-auth:23.2.1] AndroidManifest.xml:42:21-49
241                    android:path="/"
241-->[com.google.firebase:firebase-auth:23.2.1] AndroidManifest.xml:43:21-37
242                    android:scheme="genericidp" />
242-->[com.google.firebase:firebase-auth:23.2.1] AndroidManifest.xml:44:21-48
243            </intent-filter>
244        </activity>
245        <activity
245-->[com.google.firebase:firebase-auth:23.2.1] AndroidManifest.xml:47:9-64:20
246            android:name="com.google.firebase.auth.internal.RecaptchaActivity"
246-->[com.google.firebase:firebase-auth:23.2.1] AndroidManifest.xml:48:13-79
247            android:excludeFromRecents="true"
247-->[com.google.firebase:firebase-auth:23.2.1] AndroidManifest.xml:49:13-46
248            android:exported="true"
248-->[com.google.firebase:firebase-auth:23.2.1] AndroidManifest.xml:50:13-36
249            android:launchMode="singleTask"
249-->[com.google.firebase:firebase-auth:23.2.1] AndroidManifest.xml:51:13-44
250            android:theme="@android:style/Theme.Translucent.NoTitleBar" >
250-->[com.google.firebase:firebase-auth:23.2.1] AndroidManifest.xml:52:13-72
251            <intent-filter>
251-->[com.google.firebase:firebase-auth:23.2.1] AndroidManifest.xml:53:13-63:29
252                <action android:name="android.intent.action.VIEW" />
252-->[com.google.firebase:firebase-auth:23.2.1] AndroidManifest.xml:36:17-69
252-->[com.google.firebase:firebase-auth:23.2.1] AndroidManifest.xml:36:25-66
253
254                <category android:name="android.intent.category.DEFAULT" />
254-->[com.google.firebase:firebase-auth:23.2.1] AndroidManifest.xml:38:17-76
254-->[com.google.firebase:firebase-auth:23.2.1] AndroidManifest.xml:38:27-73
255                <category android:name="android.intent.category.BROWSABLE" />
255-->[com.google.firebase:firebase-auth:23.2.1] AndroidManifest.xml:39:17-78
255-->[com.google.firebase:firebase-auth:23.2.1] AndroidManifest.xml:39:27-75
256
257                <data
257-->[com.google.firebase:firebase-auth:23.2.1] AndroidManifest.xml:41:17-44:51
258                    android:host="firebase.auth"
258-->[com.google.firebase:firebase-auth:23.2.1] AndroidManifest.xml:42:21-49
259                    android:path="/"
259-->[com.google.firebase:firebase-auth:23.2.1] AndroidManifest.xml:43:21-37
260                    android:scheme="recaptcha" />
260-->[com.google.firebase:firebase-auth:23.2.1] AndroidManifest.xml:44:21-48
261            </intent-filter>
262        </activity>
263
264        <receiver
264-->[com.google.firebase:firebase-messaging:24.1.2] AndroidManifest.xml:29:9-40:20